[debug] [2025-02-06T08:24:25.158Z] ----------------------------------------------------------------------
[debug] [2025-02-06T08:24:25.159Z] Command:       /Users/ranerlich/.nvm/versions/node/v20.17.0/bin/node /usr/local/bin/firebase init
[debug] [2025-02-06T08:24:25.159Z] CLI Version:   13.29.3
[debug] [2025-02-06T08:24:25.160Z] Platform:      darwin
[debug] [2025-02-06T08:24:25.160Z] Node Version:  v20.17.0
[debug] [2025-02-06T08:24:25.160Z] Time:          Thu Feb 06 2025 10:24:25 GMT+0200 (Israel Standard Time)
[debug] [2025-02-06T08:24:25.160Z] ----------------------------------------------------------------------
[debug] 
[debug] [2025-02-06T08:24:25.163Z] > command requires scopes: ["email","openid","https://www.googleapis.com/auth/cloudplatformprojects.readonly","https://www.googleapis.com/auth/firebase","https://www.googleapis.com/auth/cloud-platform"]
[debug] [2025-02-06T08:24:25.163Z] > authorizing via signed-in user (ranerlich@gmail.com)
[info] 
     ######## #### ########  ######## ########     ###     ######  ########
     ##        ##  ##     ## ##       ##     ##  ##   ##  ##       ##
     ######    ##  ########  ######   ########  #########  ######  ######
     ##        ##  ##    ##  ##       ##     ## ##     ##       ## ##
     ##       #### ##     ## ######## ########  ##     ##  ######  ########

You're about to initialize a Firebase project in this directory:

  /Users/ranerlich/bluevine/development/17 class/react/firebase-expese-tracker

[info] 
=== Project Setup
[info] 
[info] First, let's associate this project directory with a Firebase project.
[info] You can create multiple project aliases by running firebase use --add, 
[info] but for now we'll just set up a default project.
[info] 
[debug] [2025-02-06T08:24:37.089Z] Checked if tokens are valid: false, expires at: 1738400060962
[debug] [2025-02-06T08:24:37.089Z] Checked if tokens are valid: false, expires at: 1738400060962
[debug] [2025-02-06T08:24:37.090Z] > refreshing access token with scopes: []
[debug] [2025-02-06T08:24:37.091Z] >>> [apiv2][query] POST https://www.googleapis.com/oauth2/v3/token [none]
[debug] [2025-02-06T08:24:37.091Z] >>> [apiv2][body] POST https://www.googleapis.com/oauth2/v3/token [omitted]
[debug] [2025-02-06T08:24:37.305Z] <<< [apiv2][status] POST https://www.googleapis.com/oauth2/v3/token 200
[debug] [2025-02-06T08:24:37.305Z] <<< [apiv2][body] POST https://www.googleapis.com/oauth2/v3/token [omitted]
[debug] [2025-02-06T08:24:37.314Z] >>> [apiv2][query] GET https://firebase.googleapis.com/v1beta1/projects pageSize=100
[debug] [2025-02-06T08:24:37.892Z] <<< [apiv2][status] GET https://firebase.googleapis.com/v1beta1/projects 200
[debug] [2025-02-06T08:24:37.892Z] <<< [apiv2][body] GET https://firebase.googleapis.com/v1beta1/projects [omitted]
[info] i  Using project react-expense-test-91804 (react-expense-test) 
[info] 
=== Hosting Setup
[debug] [2025-02-06T08:24:52.935Z] Checked if tokens are valid: true, expires at: 1738833876305
[debug] [2025-02-06T08:24:52.935Z] Checked if tokens are valid: true, expires at: 1738833876305
[debug] [2025-02-06T08:24:52.935Z] >>> [apiv2][query] GET https://firebase.googleapis.com/v1beta1/projects/react-expense-test-91804 [none]
[debug] [2025-02-06T08:24:53.278Z] <<< [apiv2][status] GET https://firebase.googleapis.com/v1beta1/projects/react-expense-test-91804 200
[debug] [2025-02-06T08:24:53.278Z] <<< [apiv2][body] GET https://firebase.googleapis.com/v1beta1/projects/react-expense-test-91804 {"projectId":"react-expense-test-91804","projectNumber":"603985256235","displayName":"react-expense-test","name":"projects/react-expense-test-91804","resources":{"hostingSite":"react-expense-test-91804"},"state":"ACTIVE","etag":"1_ab207296-1fbe-454b-93bd-7fdb61fe0ded"}
[info] 
[info] Your public directory is the folder (relative to your project directory) that
[info] will contain Hosting assets to be uploaded with firebase deploy. If you
[info] have a build process for your assets, use your build's output directory.
[info] 
[info] ✔  Wrote build/404.html 
[debug] [2025-02-06T08:25:13.787Z] >>> [apiv2][query] GET https://www.gstatic.com/firebasejs/releases.json [none]
[debug] [2025-02-06T08:25:13.883Z] <<< [apiv2][status] GET https://www.gstatic.com/firebasejs/releases.json 200
[debug] [2025-02-06T08:25:13.883Z] <<< [apiv2][body] GET https://www.gstatic.com/firebasejs/releases.json {"current":{"version":"11.2.0","browserURL":"https://www.gstatic.com/firebasejs/11.2.0/firebase.js","packageURL":"https://www.gstatic.com/firebasejs/11.2.0/firebase.tgz"},"live":{"version":"11.2","browserURL":"https://www.gstatic.com/firebasejs/live/11.2/firebase.js","packageURL":"https://www.gstatic.com/firebasejs/live/11.2/firebase.tgz"},"components":{"analytics":"https://www.gstatic.com/firebasejs/11.2.0/firebase-analytics.js","app":"https://www.gstatic.com/firebasejs/11.2.0/firebase-app.js","app-check":"https://www.gstatic.com/firebasejs/11.2.0/firebase-app-check.js","auth":"https://www.gstatic.com/firebasejs/11.2.0/firebase-auth.js","auth/cordova":"https://www.gstatic.com/firebasejs/11.2.0/firebase-auth/cordova.js","auth/web-extension":"https://www.gstatic.com/firebasejs/11.2.0/firebase-auth/web-extension.js","functions":"https://www.gstatic.com/firebasejs/11.2.0/firebase-functions.js","firestore":"https://www.gstatic.com/firebasejs/11.2.0/firebase-firestore.js","firestore/lite":"https://www.gstatic.com/firebasejs/11.2.0/firebase-firestore/lite.js","installations":"https://www.gstatic.com/firebasejs/11.2.0/firebase-installations.js","storage":"https://www.gstatic.com/firebasejs/11.2.0/firebase-storage.js","performance":"https://www.gstatic.com/firebasejs/11.2.0/firebase-performance.js","remote-config":"https://www.gstatic.com/firebasejs/11.2.0/firebase-remote-config.js","messaging":"https://www.gstatic.com/firebasejs/11.2.0/firebase-messaging.js","messaging/sw":"https://www.gstatic.com/firebasejs/11.2.0/firebase-messaging/sw.js","database":"https://www.gstatic.com/firebasejs/11.2.0/firebase-database.js","vertexai":"https://www.gstatic.com/firebasejs/11.2.0/firebase-vertexai.js","data-connect":"https://www.gstatic.com/firebasejs/11.2.0/firebase-data-connect.js","firestore.memory":"https://www.gstatic.com/firebasejs/11.2.0/firebase-firestore.memory.js"}}
[info] ✔  Wrote build/index.html 
[info] 
[info] i  Didn't detect a .git folder. Assuming /Users/ranerlich/bluevine/development/17 class/react/firebase-expese-tracker is the project root. 
[info] i  Authorizing with GitHub to upload your service account to a GitHub repository's secrets store. 
[info] 
[info] Visit this URL on this device to log in:
[info] https://github.com/login/oauth/authorize?client_id=89cf50f02ac6aaed3484&state=681392479&redirect_uri=http%3A%2F%2Flocalhost%3A9005&scope=read%3Auser%20repo%20public_repo
[info] 
[info] Waiting for authentication...
[debug] [2025-02-06T08:25:47.674Z] >>> [apiv2][query] POST https://github.com/login/oauth/access_token [none]
[debug] [2025-02-06T08:25:47.674Z] >>> [apiv2][body] POST https://github.com/login/oauth/access_token [stream]
[debug] [2025-02-06T08:25:47.976Z] <<< [apiv2][status] POST https://github.com/login/oauth/access_token 200
[debug] [2025-02-06T08:25:47.976Z] <<< [apiv2][body] POST https://github.com/login/oauth/access_token {"access_token":"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","token_type":"bearer","scope":"read:user,repo"}
[debug] [2025-02-06T08:25:47.980Z] >>> [apiv2][query] GET https://api.github.com/user [none]
[debug] [2025-02-06T08:25:48.277Z] <<< [apiv2][status] GET https://api.github.com/user 200
[debug] [2025-02-06T08:25:48.277Z] <<< [apiv2][body] GET https://api.github.com/user {"login":"ranerlich7","id":979217,"node_id":"MDQ6VXNlcjk3OTIxNw==","avatar_url":"https://avatars.githubusercontent.com/u/979217?v=4","gravatar_id":"","url":"https://api.github.com/users/ranerlich7","html_url":"https://github.com/ranerlich7","followers_url":"https://api.github.com/users/ranerlich7/followers","following_url":"https://api.github.com/users/ranerlich7/following{/other_user}","gists_url":"https://api.github.com/users/ranerlich7/gists{/gist_id}","starred_url":"https://api.github.com/users/ranerlich7/starred{/owner}{/repo}","subscriptions_url":"https://api.github.com/users/ranerlich7/subscriptions","organizations_url":"https://api.github.com/users/ranerlich7/orgs","repos_url":"https://api.github.com/users/ranerlich7/repos","events_url":"https://api.github.com/users/ranerlich7/events{/privacy}","received_events_url":"https://api.github.com/users/ranerlich7/received_events","type":"User","user_view_type":"private","site_admin":false,"name":"Ran Erlich","company":null,"blog":"","location":null,"email":null,"hireable":null,"bio":null,"twitter_username":null,"notification_email":null,"public_repos":112,"public_gists":0,"followers":12,"following":2,"created_at":"2011-08-14T12:36:21Z","updated_at":"2025-01-21T19:09:22Z","private_gists":0,"total_private_repos":10,"owned_private_repos":10,"disk_usage":93739,"collaborators":6,"two_factor_authentication":true,"plan":{"name":"free","space":976562499,"collaborators":0,"private_repos":10000}}
[info] 
[info] ✔  Success! Logged into GitHub as ranerlich7 
[info] 
